<?xml version="1.0" encoding="UTF-8"?>
<testsuite xmlns:xsi="http://www.w3.org/2001/XMLSchema-instance" xsi:noNamespaceSchemaLocation="https://maven.apache.org/surefire/maven-surefire-plugin/xsd/surefire-test-report-3.0.xsd" version="3.0" name="com.example.webhooktask.WebhookTaskApplicationTests" time="2.927" tests="1" errors="0" skipped="0" failures="0">
  <properties>
[...]
</properties>
  <testcase name="contextLoads" classname="com.example.webhooktask.WebhookTaskApplicationTests" time="0.406">
    <system-out><![CDATA[17:02:46.018 [main] INFO org.springframework.test.context.support.AnnotationConfigContextLoaderUtils -- Could not detect default configuration classes for test class [com.example.webhooktask.WebhookTaskApplicationTests]: WebhookTaskApplicationTests does not declare any static, non-private, non-final, nested classes annotated with @Configuration.
17:02:46.105 [main] INFO org.springframework.boot.test.context.SpringBootTestContextBootstrapper -- Found @SpringBootConfiguration com.example.webhooktask.WebhookTaskApplication for test class com.example.webhooktask.WebhookTaskApplicationTests

  .   ____          _            __ _ _
 /\\ / ___'_ __ _ _(_)_ __  __ _ \ \ \ \
( ( )\___ | '_ | '_| | '_ \/ _` | \ \ \ \
 \\/  ___)| |_)| | | | | || (_| |  ) ) ) )
  '  |____| .__|_| |_|_| |_\__, | / / / /
 =========|_|==============|___/=/_/_/_/
 :: Spring Boot ::                (v3.2.0)

2025-12-01T17:02:46.405+05:30  INFO 35324 --- [webhook-task] [           main] c.e.w.WebhookTaskApplicationTests        : Starting WebhookTaskApplicationTests using Java 25.0.1 with PID 35324 (started by vardhin in /home/vardhin/Documents/git/springboot-task)
2025-12-01T17:02:46.407+05:30  INFO 35324 --- [webhook-task] [           main] c.e.w.WebhookTaskApplicationTests        : No active profile set, falling back to 1 default profile: "default"
2025-12-01T17:02:47.282+05:30  INFO 35324 --- [webhook-task] [           main] c.e.w.WebhookTaskApplicationTests        : Started WebhookTaskApplicationTests in 1.092 seconds (process running for 1.754)
2025-12-01T17:02:47.284+05:30  INFO 35324 --- [webhook-task] [           main] c.e.webhooktask.service.WebhookService   : Generating webhook...
2025-12-01T17:02:48.340+05:30  INFO 35324 --- [webhook-task] [           main] c.e.webhooktask.service.WebhookService   : Webhook generated successfully: https://bfhldevapigw.healthrx.co.in/hiring/testWebhook/JAVA
2025-12-01T17:02:48.341+05:30  INFO 35324 --- [webhook-task] [           main] c.e.webhooktask.service.WebhookService   : SQL Query prepared
2025-12-01T17:02:48.423+05:30  INFO 35324 --- [webhook-task] [           main] c.e.webhooktask.service.WebhookService   : Response: {"success":true,"message":"Webhook processed successfully"}
2025-12-01T17:02:48.423+05:30  INFO 35324 --- [webhook-task] [           main] c.e.webhooktask.service.WebhookService   : Solution submitted successfully
]]></system-out>
    <system-err><![CDATA[WARNING: A Java agent has been loaded dynamically (/home/vardhin/.m2/repository/net/bytebuddy/byte-buddy-agent/1.14.10/byte-buddy-agent-1.14.10.jar)
WARNING: If a serviceability tool is in use, please run with -XX:+EnableDynamicAgentLoading to hide this warning
WARNING: If a serviceability tool is not in use, please run with -Djdk.instrument.traceUsage for more information
WARNING: Dynamic loading of agents will be disallowed by default in a future release
]]></system-err>
  </testcase>
</testsuite>